<?xml version="1.0" encoding="UTF-8"?>
<!-- Generated by org.testng.reporters.JUnitReportReporter -->
<testsuite skipped="0" hostname="Ivana-TOSHIBA" name="ProductsTest" tests="1" failures="0" timestamp="2020-05-17T14:52:40 CEST" time="10.439" errors="0">
  <testcase name="increasePrice" time="10.439" classname="ProductsTest"/>
  <system-out/>
</testsuite> <!-- ProductsTest -->
