<?xml version="1.0" encoding="UTF-8"?>
<!-- Generated by org.testng.reporters.JUnitReportReporter -->
<testsuite skipped="0" hostname="Ivana-TOSHIBA" name="SandLoginTest" tests="3" failures="0" timestamp="2020-05-12T20:22:57 CEST" time="100.754" errors="0">
  <testcase name="loginWithoutRegistration" time="5.509" classname="SandLoginTest"/>
  <system-out/>
  <testcase name="loginAndOutValidUser" time="10.392" classname="SandLoginTest"/>
  <system-out/>
  <testcase name="login30Users" time="84.853" classname="SandLoginTest"/>
  <system-out/>
</testsuite> <!-- SandLoginTest -->
