<?xml version="1.0" encoding="UTF-8"?>
<!-- Generated by org.testng.reporters.JUnitReportReporter -->
<testsuite skipped="0" hostname="Ivana-TOSHIBA" name="ProductsTest" tests="1" failures="0" timestamp="2020-05-18T20:56:27 CEST" time="9.975" errors="0">
  <testcase name="increasePrice" time="9.975" classname="ProductsTest"/>
  <system-out/>
</testsuite> <!-- ProductsTest -->
