<?xml version="1.0" encoding="UTF-8"?>
<!-- Generated by org.testng.reporters.JUnitReportReporter -->
<testsuite skipped="0" hostname="Ivana-TOSHIBA" name="TestProba" tests="1" failures="0" timestamp="2020-05-08T20:46:51 CEST" time="3.877" errors="0">
  <testcase name="f" time="3.877" classname="TestProba"/>
  <system-out/>
</testsuite> <!-- TestProba -->
